/raid6/user/jmei/miniconda3/lib/python3.6/site-packages/sklearn/cross_validation.py:44: DeprecationWarning: This module was deprecated in version 0.18 in favor of the model_selection module into which all the refactored classes and functions are moved. Also note that the interface of the new CV iterators are different from that of this module. This module will be removed in 0.20.
  "This module will be removed in 0.20.", DeprecationWarning)
/raid6/user/jmei/miniconda3/lib/python3.6/site-packages/sklearn/grid_search.py:43: DeprecationWarning: This module was deprecated in version 0.18 in favor of the model_selection module into which all the refactored classes and functions are moved. This module will be removed in 0.20.
  DeprecationWarning)
39:415380
38:8
77:1.0:tr3:bef:c
77:1.0:tr3:bef:c
73:0.6666667:XG:bef:XGrep
73:0.6666667:XG:bef:XGrep
58:1.0:uot:bef:to
58:1.0:uot:bef:to
38:1.0:cc/:bef:ǥ
38:1.0:cc/:bef:ǥ
<class 'float'>
Traceback (most recent call last):
  File "src/main/python/main.py", line 81, in <module>
    main()
  File "src/main/python/main.py", line 67, in main
    print(np.array(train_data.feature_values, dtype=np.float32).size)
ValueError: setting an array element with a sequence.
